<?xml version="1.0" encoding="UTF-8"?>
<testsuite xmlns:xsi="http://www.w3.org/2001/XMLSchema-instance" xsi:noNamespaceSchemaLocation="https://maven.apache.org/surefire/maven-surefire-plugin/xsd/surefire-test-report.xsd" name="com.test.cucumber.runner.AllRunner" time="110.294" tests="3" errors="0" skipped="0" failures="0">
  <properties>
[...]
</properties>
  <testcase name="find_your_student_accomodation_in_Bath_001" classname="Find your student accommodation in Unite Students accomodation" time="36.132"/>
  <testcase name="find_your_student_accomodation_in_Glasgow_002" classname="Find your student accommodation in Unite Students accomodation" time="36.333"/>
  <testcase name="find_your_student_accomodation_in_Edinburgh_003" classname="Find your student accommodation in Unite Students accomodation" time="37.258"/>
</testsuite>